intermediate_size 9728
Mel spec shape: torch.Size([1, 80, 1400])
Audio encoder input shape: torch.Size([1, 80, 1400])
Audio encoder input shape after transpose: torch.Size([1, 1, 1400, 80])
CNN output shape: torch.Size([1, 349, 512])
Mel spec shape: torch.Size([1, 80, 1517])
Audio encoder input shape: torch.Size([1, 80, 1517])
Audio encoder input shape after transpose: torch.Size([1, 1, 1517, 80])
CNN output shape: torch.Size([1, 378, 512])
Mel spec shape: torch.Size([1, 80, 1428])
Audio encoder input shape: torch.Size([1, 80, 1428])
Audio encoder input shape after transpose: torch.Size([1, 1, 1428, 80])
CNN output shape: torch.Size([1, 356, 512])
Mel spec shape: torch.Size([1, 80, 1399])
Audio encoder input shape: torch.Size([1, 80, 1399])
Audio encoder input shape after transpose: torch.Size([1, 1, 1399, 80])
CNN output shape: torch.Size([1, 349, 512])
Mel spec shape: torch.Size([1, 80, 1370])
Audio encoder input shape: torch.Size([1, 80, 1370])
Audio encoder input shape after transpose: torch.Size([1, 1, 1370, 80])
CNN output shape: torch.Size([1, 341, 512])
Mel spec shape: torch.Size([1, 80, 1632])
Audio encoder input shape: torch.Size([1, 80, 1632])
Audio encoder input shape after transpose: torch.Size([1, 1, 1632, 80])
CNN output shape: torch.Size([1, 407, 512])
Mel spec shape: torch.Size([1, 80, 878])
Audio encoder input shape: torch.Size([1, 80, 878])
Audio encoder input shape after transpose: torch.Size([1, 1, 878, 80])
CNN output shape: torch.Size([1, 218, 512])
Mel spec shape: torch.Size([1, 80, 1525])
Audio encoder input shape: torch.Size([1, 80, 1525])
Audio encoder input shape after transpose: torch.Size([1, 1, 1525, 80])
CNN output shape: torch.Size([1, 380, 512])
Mel spec shape: torch.Size([1, 80, 1461])
Audio encoder input shape: torch.Size([1, 80, 1461])
Audio encoder input shape after transpose: torch.Size([1, 1, 1461, 80])
CNN output shape: torch.Size([1, 364, 512])
Mel spec shape: torch.Size([1, 80, 1642])
Audio encoder input shape: torch.Size([1, 80, 1642])
Audio encoder input shape after transpose: torch.Size([1, 1, 1642, 80])
CNN output shape: torch.Size([1, 409, 512])
Mel spec shape: torch.Size([1, 80, 1275])
Audio encoder input shape: torch.Size([1, 80, 1275])
Audio encoder input shape after transpose: torch.Size([1, 1, 1275, 80])
CNN output shape: torch.Size([1, 318, 512])
Mel spec shape: torch.Size([1, 80, 1610])
Audio encoder input shape: torch.Size([1, 80, 1610])
Audio encoder input shape after transpose: torch.Size([1, 1, 1610, 80])
CNN output shape: torch.Size([1, 401, 512])
Mel spec shape: torch.Size([1, 80, 1645])
Audio encoder input shape: torch.Size([1, 80, 1645])
Audio encoder input shape after transpose: torch.Size([1, 1, 1645, 80])
CNN output shape: torch.Size([1, 410, 512])
Mel spec shape: torch.Size([1, 80, 1147])
Audio encoder input shape: torch.Size([1, 80, 1147])
Audio encoder input shape after transpose: torch.Size([1, 1, 1147, 80])
CNN output shape: torch.Size([1, 286, 512])
Mel spec shape: torch.Size([1, 80, 490])
Audio encoder input shape: torch.Size([1, 80, 490])
Audio encoder input shape after transpose: torch.Size([1, 1, 490, 80])
CNN output shape: torch.Size([1, 121, 512])
Mel spec shape: torch.Size([1, 80, 1447])
Audio encoder input shape: torch.Size([1, 80, 1447])
Audio encoder input shape after transpose: torch.Size([1, 1, 1447, 80])
CNN output shape: torch.Size([1, 361, 512])
Mel spec shape: torch.Size([1, 80, 1077])
Audio encoder input shape: torch.Size([1, 80, 1077])
Audio encoder input shape after transpose: torch.Size([1, 1, 1077, 80])
CNN output shape: torch.Size([1, 268, 512])
Mel spec shape: torch.Size([1, 80, 1285])
Audio encoder input shape: torch.Size([1, 80, 1285])
Audio encoder input shape after transpose: torch.Size([1, 1, 1285, 80])
CNN output shape: torch.Size([1, 320, 512])
Mel spec shape: torch.Size([1, 80, 1571])
Audio encoder input shape: torch.Size([1, 80, 1571])
Audio encoder input shape after transpose: torch.Size([1, 1, 1571, 80])
CNN output shape: torch.Size([1, 392, 512])
Mel spec shape: torch.Size([1, 80, 892])
Audio encoder input shape: torch.Size([1, 80, 892])
Audio encoder input shape after transpose: torch.Size([1, 1, 892, 80])
CNN output shape: torch.Size([1, 222, 512])
Mel spec shape: torch.Size([1, 80, 845])
Audio encoder input shape: torch.Size([1, 80, 845])
Audio encoder input shape after transpose: torch.Size([1, 1, 845, 80])
CNN output shape: torch.Size([1, 210, 512])
Mel spec shape: torch.Size([1, 80, 934])
Audio encoder input shape: torch.Size([1, 80, 934])
Audio encoder input shape after transpose: torch.Size([1, 1, 934, 80])
CNN output shape: torch.Size([1, 232, 512])
Mel spec shape: torch.Size([1, 80, 1479])
Audio encoder input shape: torch.Size([1, 80, 1479])
Audio encoder input shape after transpose: torch.Size([1, 1, 1479, 80])
CNN output shape: torch.Size([1, 369, 512])
Mel spec shape: torch.Size([1, 80, 1321])
Audio encoder input shape: torch.Size([1, 80, 1321])
Audio encoder input shape after transpose: torch.Size([1, 1, 1321, 80])
CNN output shape: torch.Size([1, 329, 512])
Mel spec shape: torch.Size([1, 80, 1520])
Audio encoder input shape: torch.Size([1, 80, 1520])
Audio encoder input shape after transpose: torch.Size([1, 1, 1520, 80])
CNN output shape: torch.Size([1, 379, 512])
Mel spec shape: torch.Size([1, 80, 1379])
Audio encoder input shape: torch.Size([1, 80, 1379])
Audio encoder input shape after transpose: torch.Size([1, 1, 1379, 80])
CNN output shape: torch.Size([1, 344, 512])
Mel spec shape: torch.Size([1, 80, 1193])
Audio encoder input shape: torch.Size([1, 80, 1193])
Audio encoder input shape after transpose: torch.Size([1, 1, 1193, 80])
CNN output shape: torch.Size([1, 297, 512])
Mel spec shape: torch.Size([1, 80, 802])
Audio encoder input shape: torch.Size([1, 80, 802])
Audio encoder input shape after transpose: torch.Size([1, 1, 802, 80])
CNN output shape: torch.Size([1, 199, 512])
Mel spec shape: torch.Size([1, 80, 299])
Audio encoder input shape: torch.Size([1, 80, 299])
Audio encoder input shape after transpose: torch.Size([1, 1, 299, 80])
CNN output shape: torch.Size([1, 74, 512])
Mel spec shape: torch.Size([1, 80, 1444])
Audio encoder input shape: torch.Size([1, 80, 1444])
Audio encoder input shape after transpose: torch.Size([1, 1, 1444, 80])
CNN output shape: torch.Size([1, 360, 512])
Mel spec shape: torch.Size([1, 80, 1559])
Audio encoder input shape: torch.Size([1, 80, 1559])
Audio encoder input shape after transpose: torch.Size([1, 1, 1559, 80])
CNN output shape: torch.Size([1, 389, 512])
Mel spec shape: torch.Size([1, 80, 1187])
Audio encoder input shape: torch.Size([1, 80, 1187])
Audio encoder input shape after transpose: torch.Size([1, 1, 1187, 80])
CNN output shape: torch.Size([1, 296, 512])
max_length 296
input_embeds torch.Size([1, 266, 3584])
combined_inputs torch.Size([1, 296, 3584])
combined_masks dtype torch.float32
text_ids dtype torch.int64
combined_inputs dtype torch.float32
text_ids torch.Size([91])
audio_emb torch.Size([1, 175, 3584])
input_embeds torch.Size([1, 280, 3584])
combined_inputs torch.Size([1, 296, 3584])
combined_masks dtype torch.float32
text_ids dtype torch.int64
combined_inputs dtype torch.float32
text_ids torch.Size([91])
audio_emb torch.Size([1, 189, 3584])
input_embeds torch.Size([1, 269, 3584])
combined_inputs torch.Size([1, 296, 3584])
combined_masks dtype torch.float32
text_ids dtype torch.int64
combined_inputs dtype torch.float32
text_ids torch.Size([91])
audio_emb torch.Size([1, 178, 3584])
input_embeds torch.Size([1, 266, 3584])
combined_inputs torch.Size([1, 296, 3584])
combined_masks dtype torch.float32
text_ids dtype torch.int64
combined_inputs dtype torch.float32
text_ids torch.Size([91])
audio_emb torch.Size([1, 175, 3584])
input_embeds torch.Size([1, 262, 3584])
combined_inputs torch.Size([1, 296, 3584])
combined_masks dtype torch.float32
text_ids dtype torch.int64
combined_inputs dtype torch.float32
text_ids torch.Size([91])
audio_emb torch.Size([1, 171, 3584])
input_embeds torch.Size([1, 295, 3584])
combined_inputs torch.Size([1, 296, 3584])
combined_masks dtype torch.float32
text_ids dtype torch.int64
combined_inputs dtype torch.float32
text_ids torch.Size([91])
audio_emb torch.Size([1, 204, 3584])
input_embeds torch.Size([1, 200, 3584])
combined_inputs torch.Size([1, 296, 3584])
combined_masks dtype torch.float32
text_ids dtype torch.int64
combined_inputs dtype torch.float32
text_ids torch.Size([91])
audio_emb torch.Size([1, 109, 3584])
input_embeds torch.Size([1, 281, 3584])
combined_inputs torch.Size([1, 296, 3584])
combined_masks dtype torch.float32
text_ids dtype torch.int64
combined_inputs dtype torch.float32
text_ids torch.Size([91])
audio_emb torch.Size([1, 190, 3584])
input_embeds torch.Size([1, 273, 3584])
combined_inputs torch.Size([1, 296, 3584])
combined_masks dtype torch.float32
text_ids dtype torch.int64
combined_inputs dtype torch.float32
text_ids torch.Size([91])
audio_emb torch.Size([1, 182, 3584])
input_embeds torch.Size([1, 296, 3584])
combined_inputs torch.Size([1, 296, 3584])
combined_masks dtype torch.float32
text_ids dtype torch.int64
combined_inputs dtype torch.float32
text_ids torch.Size([91])
audio_emb torch.Size([1, 205, 3584])
input_embeds torch.Size([1, 250, 3584])
combined_inputs torch.Size([1, 296, 3584])
combined_masks dtype torch.float32
text_ids dtype torch.int64
combined_inputs dtype torch.float32
text_ids torch.Size([91])
audio_emb torch.Size([1, 159, 3584])
input_embeds torch.Size([1, 292, 3584])
combined_inputs torch.Size([1, 296, 3584])
combined_masks dtype torch.float32
text_ids dtype torch.int64
combined_inputs dtype torch.float32
text_ids torch.Size([91])
audio_emb torch.Size([1, 201, 3584])
input_embeds torch.Size([1, 296, 3584])
combined_inputs torch.Size([1, 296, 3584])
combined_masks dtype torch.float32
text_ids dtype torch.int64
combined_inputs dtype torch.float32
text_ids torch.Size([91])
audio_emb torch.Size([1, 205, 3584])
input_embeds torch.Size([1, 234, 3584])
combined_inputs torch.Size([1, 296, 3584])
combined_masks dtype torch.float32
text_ids dtype torch.int64
combined_inputs dtype torch.float32
text_ids torch.Size([91])
audio_emb torch.Size([1, 143, 3584])
input_embeds torch.Size([1, 152, 3584])
combined_inputs torch.Size([1, 296, 3584])
combined_masks dtype torch.float32
text_ids dtype torch.int64
combined_inputs dtype torch.float32
text_ids torch.Size([91])
audio_emb torch.Size([1, 61, 3584])
input_embeds torch.Size([1, 272, 3584])
combined_inputs torch.Size([1, 296, 3584])
combined_masks dtype torch.float32
text_ids dtype torch.int64
combined_inputs dtype torch.float32
text_ids torch.Size([91])
audio_emb torch.Size([1, 181, 3584])
input_embeds torch.Size([1, 225, 3584])
combined_inputs torch.Size([1, 296, 3584])
combined_masks dtype torch.float32
text_ids dtype torch.int64
combined_inputs dtype torch.float32
text_ids torch.Size([91])
audio_emb torch.Size([1, 134, 3584])
input_embeds torch.Size([1, 251, 3584])
combined_inputs torch.Size([1, 296, 3584])
combined_masks dtype torch.float32
text_ids dtype torch.int64
combined_inputs dtype torch.float32
text_ids torch.Size([91])
audio_emb torch.Size([1, 160, 3584])
input_embeds torch.Size([1, 287, 3584])
combined_inputs torch.Size([1, 296, 3584])
combined_masks dtype torch.float32
text_ids dtype torch.int64
combined_inputs dtype torch.float32
text_ids torch.Size([91])
audio_emb torch.Size([1, 196, 3584])
input_embeds torch.Size([1, 202, 3584])
combined_inputs torch.Size([1, 296, 3584])
combined_masks dtype torch.float32
text_ids dtype torch.int64
combined_inputs dtype torch.float32
text_ids torch.Size([91])
audio_emb torch.Size([1, 111, 3584])
input_embeds torch.Size([1, 196, 3584])
combined_inputs torch.Size([1, 296, 3584])
combined_masks dtype torch.float32
text_ids dtype torch.int64
combined_inputs dtype torch.float32
text_ids torch.Size([91])
audio_emb torch.Size([1, 105, 3584])
input_embeds torch.Size([1, 207, 3584])
combined_inputs torch.Size([1, 296, 3584])
combined_masks dtype torch.float32
text_ids dtype torch.int64
combined_inputs dtype torch.float32
text_ids torch.Size([91])
audio_emb torch.Size([1, 116, 3584])
input_embeds torch.Size([1, 276, 3584])
combined_inputs torch.Size([1, 296, 3584])
combined_masks dtype torch.float32
text_ids dtype torch.int64
combined_inputs dtype torch.float32
text_ids torch.Size([91])
audio_emb torch.Size([1, 185, 3584])
input_embeds torch.Size([1, 256, 3584])
combined_inputs torch.Size([1, 296, 3584])
combined_masks dtype torch.float32
text_ids dtype torch.int64
combined_inputs dtype torch.float32
text_ids torch.Size([91])
audio_emb torch.Size([1, 165, 3584])
input_embeds torch.Size([1, 281, 3584])
combined_inputs torch.Size([1, 296, 3584])
combined_masks dtype torch.float32
text_ids dtype torch.int64
combined_inputs dtype torch.float32
text_ids torch.Size([91])
audio_emb torch.Size([1, 190, 3584])
input_embeds torch.Size([1, 263, 3584])
combined_inputs torch.Size([1, 296, 3584])
combined_masks dtype torch.float32
text_ids dtype torch.int64
combined_inputs dtype torch.float32
text_ids torch.Size([91])
audio_emb torch.Size([1, 172, 3584])
input_embeds torch.Size([1, 240, 3584])
combined_inputs torch.Size([1, 296, 3584])
combined_masks dtype torch.float32
text_ids dtype torch.int64
combined_inputs dtype torch.float32
text_ids torch.Size([91])
audio_emb torch.Size([1, 149, 3584])
input_embeds torch.Size([1, 191, 3584])
combined_inputs torch.Size([1, 296, 3584])
combined_masks dtype torch.float32
text_ids dtype torch.int64
combined_inputs dtype torch.float32
text_ids torch.Size([91])
audio_emb torch.Size([1, 100, 3584])
input_embeds torch.Size([1, 128, 3584])
combined_inputs torch.Size([1, 296, 3584])
combined_masks dtype torch.float32
text_ids dtype torch.int64
combined_inputs dtype torch.float32
text_ids torch.Size([91])
audio_emb torch.Size([1, 37, 3584])
input_embeds torch.Size([1, 271, 3584])
combined_inputs torch.Size([1, 296, 3584])
combined_masks dtype torch.float32
text_ids dtype torch.int64
combined_inputs dtype torch.float32
text_ids torch.Size([91])
audio_emb torch.Size([1, 180, 3584])
input_embeds torch.Size([1, 286, 3584])
combined_inputs torch.Size([1, 296, 3584])
combined_masks dtype torch.float32
text_ids dtype torch.int64
combined_inputs dtype torch.float32
text_ids torch.Size([91])
audio_emb torch.Size([1, 195, 3584])
input_embeds torch.Size([1, 239, 3584])
combined_inputs torch.Size([1, 296, 3584])
combined_masks dtype torch.float32
text_ids dtype torch.int64
combined_inputs dtype torch.float32
text_ids torch.Size([91])
audio_emb torch.Size([1, 148, 3584])
combined_inputs dtype: torch.float16, shape: torch.Size([32, 296, 3584])
combined_masks dtype: torch.int32, shape: torch.Size([32, 296])
combined_labels dtype: torch.int64, shape: torch.Size([32, 296])
torch.Size([32, 296, 152064])

Sample prediction:
Target: VERY YOUNG MINNOWS HAD BEEN CAUGHT UP IN THE LONDON TIMES MARCH SECOND EIGHTEEN FIFTY NINE IS A LETTER FROM MISTER AARON ROBERTS CURATE OF SAINT PETER'S CARMATHON IN THIS LETTER
Prediction: [' to', 'ly', 'ically', 'ly', 'ly', ',', ' to', '化', ' to', 'ly', ' to', ' to', 'ive', 'ly', '', ' to', ' to', 'ly', ',', ' to', ' to', 'ly', 'ly', 'ly', '的', '型', 'ic', 'ly', 'al', 'ly', 'ly', 'ive', ',', '\n', 'ive', '\n', '\n', 'ive', ' to', ' to', 'ly', 'ive', 'ic', ' to', '\n', 'ly', 'ly', ',', ' to', 'ly', 'ly', 'al', '的', 'ly', '\n', 'ly', 'ly', 'ly', 'ly', 'ic', 'ic', ' to', ' to', 'ant', 'ic', 'ly', 'ive', 'ly', 'ly', 'ly', ' to', 'ly', 'ly', ' to', 'ly', '的', 'ly', ' to', '的', 'ive', 'ly', 'ly', 'ly', 'ly', 'ly', 'ly', 'ic', 'ly', ' to', '\n', 'ly', '\n', 'ly', 'ly', '\n', ' to', 'ly', ' to', ' to', ',', 'ly', 'ic', 'al', 'al', 'ly', '\n', 'ic', '\n', 'ly', '\n', 'ic', '\n', 'ized', '\n', 'ot', '\n', '\n', 'ive', 'ive', 'ly', ' to', ' to', ' to', '\n', 'ly', ' to', ' to', 'ly', 'ly', 'ly', 'k', ',', '\n', 'ic', 'ive', ' to', '\n', ' to', 'ly', ' to', ' to', 'ly', 'ive', ' to', 'ly', ' to', 'ly', '\n', 'ly', 'ly', '\n', 'ik', '\n', 'ive', ' to', ' to', ' to', ' to', 'ive', ' to', ' to', 'ic', ' to', 'ized', 'ly', '\n', 'ive', 'ly', ' to', ' to', ' to', 'ic', 'ic', 'ly', '\n', ' GOOD', 'ET', 'G', '\n', 'OR', 'S', '\n', 'UR', ' TO', ' B', 'UGHT', ' IN', 'ON', ' A', ' NET', 'ATEST', ' O', ' H', 'ARCH', ' ', ' ', 'IGHT', 'TE', 'ENT', ' H', 'IFT', 'Y', ' SE', 'INET', ' H', ' ', '.', ' TO', ' THE', 'ARCH', ' H', 'UST', 'ON', ' TO', 'BERT', 'S', ' TO', 'T', 'L', ' THE', 'INT', ' JOHN', 'ETER', "'S", ' CH', 'ATH', 'INE', 'US', ' H', ' THE', ' LETTER', ' M', ' FROM', ' TO', 'LY', 'LY', 'S', 'LY', ' TO', ' TO', 'LY', 'LY', 'LY', 'LY', 'LY', 'LY', 'LY', 'LY', 'LY', 'LY', ' TO', 'LY', 'LY', 'LY', 'LY', 'LY', 'LY', 'LY', 'LY', 'LY', 'LY', 'LY', 'LY', 'LY', 'LY', 'LY', 'LY', ':', 'LY', 'LY', ':', 'LY', 'LY', 'LY', ':', 'LY', 'LY', 'LY', 'LY', 'LY', 'LY', 'LY', 'LY', 'LY', 'LY', 'LY', 'LY', 'LY', 'LY', 'LY', 'LY', 'LY', ':', ':', 'LY', 'IC']
Loss: 4.2926
--------------------------------
Batch 0 loss: 4.2926
--------------------------------
Mel spec shape: torch.Size([1, 80, 1486])
Audio encoder input shape: torch.Size([1, 80, 1486])
Audio encoder input shape after transpose: torch.Size([1, 1, 1486, 80])
CNN output shape: torch.Size([1, 370, 512])
Mel spec shape: torch.Size([1, 80, 1612])
Audio encoder input shape: torch.Size([1, 80, 1612])
Audio encoder input shape after transpose: torch.Size([1, 1, 1612, 80])
CNN output shape: torch.Size([1, 402, 512])
Mel spec shape: torch.Size([1, 80, 1316])
Audio encoder input shape: torch.Size([1, 80, 1316])
Audio encoder input shape after transpose: torch.Size([1, 1, 1316, 80])
CNN output shape: torch.Size([1, 328, 512])
Mel spec shape: torch.Size([1, 80, 1321])
Audio encoder input shape: torch.Size([1, 80, 1321])
Audio encoder input shape after transpose: torch.Size([1, 1, 1321, 80])
CNN output shape: torch.Size([1, 329, 512])
Mel spec shape: torch.Size([1, 80, 1613])
Audio encoder input shape: torch.Size([1, 80, 1613])
Audio encoder input shape after transpose: torch.Size([1, 1, 1613, 80])
CNN output shape: torch.Size([1, 402, 512])
Mel spec shape: torch.Size([1, 80, 1424])
Audio encoder input shape: torch.Size([1, 80, 1424])
Audio encoder input shape after transpose: torch.Size([1, 1, 1424, 80])
CNN output shape: torch.Size([1, 355, 512])
Mel spec shape: torch.Size([1, 80, 1241])
Audio encoder input shape: torch.Size([1, 80, 1241])
Audio encoder input shape after transpose: torch.Size([1, 1, 1241, 80])
CNN output shape: torch.Size([1, 309, 512])
Mel spec shape: torch.Size([1, 80, 1628])
Audio encoder input shape: torch.Size([1, 80, 1628])
Audio encoder input shape after transpose: torch.Size([1, 1, 1628, 80])
CNN output shape: torch.Size([1, 406, 512])
Mel spec shape: torch.Size([1, 80, 1635])
Audio encoder input shape: torch.Size([1, 80, 1635])
Audio encoder input shape after transpose: torch.Size([1, 1, 1635, 80])
CNN output shape: torch.Size([1, 408, 512])
Mel spec shape: torch.Size([1, 80, 626])
Audio encoder input shape: torch.Size([1, 80, 626])
Audio encoder input shape after transpose: torch.Size([1, 1, 626, 80])
CNN output shape: torch.Size([1, 155, 512])
Mel spec shape: torch.Size([1, 80, 1428])
Audio encoder input shape: torch.Size([1, 80, 1428])
Audio encoder input shape after transpose: torch.Size([1, 1, 1428, 80])
CNN output shape: torch.Size([1, 356, 512])
Mel spec shape: torch.Size([1, 80, 196])
Audio encoder input shape: torch.Size([1, 80, 196])
Audio encoder input shape after transpose: torch.Size([1, 1, 196, 80])
CNN output shape: torch.Size([1, 48, 512])
Mel spec shape: torch.Size([1, 80, 1223])
Audio encoder input shape: torch.Size([1, 80, 1223])
Audio encoder input shape after transpose: torch.Size([1, 1, 1223, 80])
CNN output shape: torch.Size([1, 305, 512])
Mel spec shape: torch.Size([1, 80, 1426])
Audio encoder input shape: torch.Size([1, 80, 1426])
Audio encoder input shape after transpose: torch.Size([1, 1, 1426, 80])
CNN output shape: torch.Size([1, 355, 512])
Mel spec shape: torch.Size([1, 80, 1481])
Audio encoder input shape: torch.Size([1, 80, 1481])
Audio encoder input shape after transpose: torch.Size([1, 1, 1481, 80])
CNN output shape: torch.Size([1, 369, 512])
Mel spec shape: torch.Size([1, 80, 1238])
Audio encoder input shape: torch.Size([1, 80, 1238])
Audio encoder input shape after transpose: torch.Size([1, 1, 1238, 80])
CNN output shape: torch.Size([1, 308, 512])
Mel spec shape: torch.Size([1, 80, 834])
Audio encoder input shape: torch.Size([1, 80, 834])
Audio encoder input shape after transpose: torch.Size([1, 1, 834, 80])
CNN output shape: torch.Size([1, 207, 512])
Mel spec shape: torch.Size([1, 80, 321])
Audio encoder input shape: torch.Size([1, 80, 321])
Audio encoder input shape after transpose: torch.Size([1, 1, 321, 80])
CNN output shape: torch.Size([1, 79, 512])
Mel spec shape: torch.Size([1, 80, 658])
Audio encoder input shape: torch.Size([1, 80, 658])
Audio encoder input shape after transpose: torch.Size([1, 1, 658, 80])
CNN output shape: torch.Size([1, 163, 512])
Mel spec shape: torch.Size([1, 80, 719])
Audio encoder input shape: torch.Size([1, 80, 719])
Audio encoder input shape after transpose: torch.Size([1, 1, 719, 80])
CNN output shape: torch.Size([1, 179, 512])
Mel spec shape: torch.Size([1, 80, 1446])
Audio encoder input shape: torch.Size([1, 80, 1446])
Audio encoder input shape after transpose: torch.Size([1, 1, 1446, 80])
CNN output shape: torch.Size([1, 360, 512])
Mel spec shape: torch.Size([1, 80, 876])
Audio encoder input shape: torch.Size([1, 80, 876])
Audio encoder input shape after transpose: torch.Size([1, 1, 876, 80])
CNN output shape: torch.Size([1, 218, 512])
Mel spec shape: torch.Size([1, 80, 1512])
Audio encoder input shape: torch.Size([1, 80, 1512])
Audio encoder input shape after transpose: torch.Size([1, 1, 1512, 80])
CNN output shape: torch.Size([1, 377, 512])
Mel spec shape: torch.Size([1, 80, 1389])
Audio encoder input shape: torch.Size([1, 80, 1389])
Audio encoder input shape after transpose: torch.Size([1, 1, 1389, 80])
CNN output shape: torch.Size([1, 346, 512])
Mel spec shape: torch.Size([1, 80, 1511])
Audio encoder input shape: torch.Size([1, 80, 1511])
Audio encoder input shape after transpose: torch.Size([1, 1, 1511, 80])
CNN output shape: torch.Size([1, 377, 512])
Mel spec shape: torch.Size([1, 80, 1018])
Audio encoder input shape: torch.Size([1, 80, 1018])
Audio encoder input shape after transpose: torch.Size([1, 1, 1018, 80])
CNN output shape: torch.Size([1, 253, 512])
Mel spec shape: torch.Size([1, 80, 571])
Audio encoder input shape: torch.Size([1, 80, 571])
Audio encoder input shape after transpose: torch.Size([1, 1, 571, 80])
CNN output shape: torch.Size([1, 142, 512])
Mel spec shape: torch.Size([1, 80, 1582])
Audio encoder input shape: torch.Size([1, 80, 1582])
Audio encoder input shape after transpose: torch.Size([1, 1, 1582, 80])
CNN output shape: torch.Size([1, 394, 512])
Mel spec shape: torch.Size([1, 80, 1468])
Audio encoder input shape: torch.Size([1, 80, 1468])
Audio encoder input shape after transpose: torch.Size([1, 1, 1468, 80])
CNN output shape: torch.Size([1, 366, 512])
Mel spec shape: torch.Size([1, 80, 1344])
Audio encoder input shape: torch.Size([1, 80, 1344])
Audio encoder input shape after transpose: torch.Size([1, 1, 1344, 80])
CNN output shape: torch.Size([1, 335, 512])
Mel spec shape: torch.Size([1, 80, 1653])
Audio encoder input shape: torch.Size([1, 80, 1653])
Audio encoder input shape after transpose: torch.Size([1, 1, 1653, 80])
CNN output shape: torch.Size([1, 412, 512])
Mel spec shape: torch.Size([1, 80, 1401])
Audio encoder input shape: torch.Size([1, 80, 1401])
Audio encoder input shape after transpose: torch.Size([1, 1, 1401, 80])
CNN output shape: torch.Size([1, 349, 512])
max_length 303
input_embeds torch.Size([1, 282, 3584])
combined_inputs torch.Size([1, 303, 3584])
combined_masks dtype torch.float32
text_ids dtype torch.int64
combined_inputs dtype torch.float32
text_ids torch.Size([97])
audio_emb torch.Size([1, 185, 3584])
input_embeds torch.Size([1, 298, 3584])
combined_inputs torch.Size([1, 303, 3584])
combined_masks dtype torch.float32
text_ids dtype torch.int64
combined_inputs dtype torch.float32
text_ids torch.Size([97])
audio_emb torch.Size([1, 201, 3584])
input_embeds torch.Size([1, 261, 3584])
combined_inputs torch.Size([1, 303, 3584])
combined_masks dtype torch.float32
text_ids dtype torch.int64
combined_inputs dtype torch.float32
text_ids torch.Size([97])
audio_emb torch.Size([1, 164, 3584])
input_embeds torch.Size([1, 262, 3584])
combined_inputs torch.Size([1, 303, 3584])
combined_masks dtype torch.float32
text_ids dtype torch.int64
combined_inputs dtype torch.float32
text_ids torch.Size([97])
audio_emb torch.Size([1, 165, 3584])
input_embeds torch.Size([1, 298, 3584])
combined_inputs torch.Size([1, 303, 3584])
combined_masks dtype torch.float32
text_ids dtype torch.int64
combined_inputs dtype torch.float32
text_ids torch.Size([97])
audio_emb torch.Size([1, 201, 3584])
input_embeds torch.Size([1, 275, 3584])
combined_inputs torch.Size([1, 303, 3584])
combined_masks dtype torch.float32
text_ids dtype torch.int64
combined_inputs dtype torch.float32
text_ids torch.Size([97])
audio_emb torch.Size([1, 178, 3584])
input_embeds torch.Size([1, 252, 3584])
combined_inputs torch.Size([1, 303, 3584])
combined_masks dtype torch.float32
text_ids dtype torch.int64
combined_inputs dtype torch.float32
text_ids torch.Size([97])
audio_emb torch.Size([1, 155, 3584])
input_embeds torch.Size([1, 300, 3584])
combined_inputs torch.Size([1, 303, 3584])
combined_masks dtype torch.float32
text_ids dtype torch.int64
combined_inputs dtype torch.float32
text_ids torch.Size([97])
audio_emb torch.Size([1, 203, 3584])
input_embeds torch.Size([1, 301, 3584])
combined_inputs torch.Size([1, 303, 3584])
combined_masks dtype torch.float32
text_ids dtype torch.int64
combined_inputs dtype torch.float32
text_ids torch.Size([97])
audio_emb torch.Size([1, 204, 3584])
input_embeds torch.Size([1, 175, 3584])
combined_inputs torch.Size([1, 303, 3584])
combined_masks dtype torch.float32
text_ids dtype torch.int64
combined_inputs dtype torch.float32
text_ids torch.Size([97])
audio_emb torch.Size([1, 78, 3584])
input_embeds torch.Size([1, 275, 3584])
combined_inputs torch.Size([1, 303, 3584])
combined_masks dtype torch.float32
text_ids dtype torch.int64
combined_inputs dtype torch.float32
text_ids torch.Size([97])
audio_emb torch.Size([1, 178, 3584])
input_embeds torch.Size([1, 121, 3584])
combined_inputs torch.Size([1, 303, 3584])
combined_masks dtype torch.float32
text_ids dtype torch.int64
combined_inputs dtype torch.float32
text_ids torch.Size([97])
audio_emb torch.Size([1, 24, 3584])
input_embeds torch.Size([1, 250, 3584])
combined_inputs torch.Size([1, 303, 3584])
combined_masks dtype torch.float32
text_ids dtype torch.int64
combined_inputs dtype torch.float32
text_ids torch.Size([97])
audio_emb torch.Size([1, 153, 3584])
input_embeds torch.Size([1, 275, 3584])
combined_inputs torch.Size([1, 303, 3584])
combined_masks dtype torch.float32
text_ids dtype torch.int64
combined_inputs dtype torch.float32
text_ids torch.Size([97])
audio_emb torch.Size([1, 178, 3584])
input_embeds torch.Size([1, 282, 3584])
combined_inputs torch.Size([1, 303, 3584])
combined_masks dtype torch.float32
text_ids dtype torch.int64
combined_inputs dtype torch.float32
text_ids torch.Size([97])
audio_emb torch.Size([1, 185, 3584])
input_embeds torch.Size([1, 251, 3584])
combined_inputs torch.Size([1, 303, 3584])
combined_masks dtype torch.float32
text_ids dtype torch.int64
combined_inputs dtype torch.float32
text_ids torch.Size([97])
audio_emb torch.Size([1, 154, 3584])
input_embeds torch.Size([1, 201, 3584])
combined_inputs torch.Size([1, 303, 3584])
combined_masks dtype torch.float32
text_ids dtype torch.int64
combined_inputs dtype torch.float32
text_ids torch.Size([97])
audio_emb torch.Size([1, 104, 3584])
input_embeds torch.Size([1, 137, 3584])
combined_inputs torch.Size([1, 303, 3584])
combined_masks dtype torch.float32
text_ids dtype torch.int64
combined_inputs dtype torch.float32
text_ids torch.Size([97])
audio_emb torch.Size([1, 40, 3584])
input_embeds torch.Size([1, 179, 3584])
combined_inputs torch.Size([1, 303, 3584])
combined_masks dtype torch.float32
text_ids dtype torch.int64
combined_inputs dtype torch.float32
text_ids torch.Size([97])
audio_emb torch.Size([1, 82, 3584])
input_embeds torch.Size([1, 187, 3584])
combined_inputs torch.Size([1, 303, 3584])
combined_masks dtype torch.float32
text_ids dtype torch.int64
combined_inputs dtype torch.float32
text_ids torch.Size([97])
audio_emb torch.Size([1, 90, 3584])
input_embeds torch.Size([1, 277, 3584])
combined_inputs torch.Size([1, 303, 3584])
combined_masks dtype torch.float32
text_ids dtype torch.int64
combined_inputs dtype torch.float32
text_ids torch.Size([97])
audio_emb torch.Size([1, 180, 3584])
input_embeds torch.Size([1, 206, 3584])
combined_inputs torch.Size([1, 303, 3584])
combined_masks dtype torch.float32
text_ids dtype torch.int64
combined_inputs dtype torch.float32
text_ids torch.Size([97])
audio_emb torch.Size([1, 109, 3584])
input_embeds torch.Size([1, 286, 3584])
combined_inputs torch.Size([1, 303, 3584])
combined_masks dtype torch.float32
text_ids dtype torch.int64
combined_inputs dtype torch.float32
text_ids torch.Size([97])
audio_emb torch.Size([1, 189, 3584])
input_embeds torch.Size([1, 270, 3584])
combined_inputs torch.Size([1, 303, 3584])
combined_masks dtype torch.float32
text_ids dtype torch.int64
combined_inputs dtype torch.float32
text_ids torch.Size([97])
audio_emb torch.Size([1, 173, 3584])
input_embeds torch.Size([1, 286, 3584])
combined_inputs torch.Size([1, 303, 3584])
combined_masks dtype torch.float32
text_ids dtype torch.int64
combined_inputs dtype torch.float32
text_ids torch.Size([97])
audio_emb torch.Size([1, 189, 3584])
input_embeds torch.Size([1, 224, 3584])
combined_inputs torch.Size([1, 303, 3584])
combined_masks dtype torch.float32
text_ids dtype torch.int64
combined_inputs dtype torch.float32
text_ids torch.Size([97])
audio_emb torch.Size([1, 127, 3584])
input_embeds torch.Size([1, 168, 3584])
combined_inputs torch.Size([1, 303, 3584])
combined_masks dtype torch.float32
text_ids dtype torch.int64
combined_inputs dtype torch.float32
text_ids torch.Size([97])
audio_emb torch.Size([1, 71, 3584])
input_embeds torch.Size([1, 294, 3584])
combined_inputs torch.Size([1, 303, 3584])
combined_masks dtype torch.float32
text_ids dtype torch.int64
combined_inputs dtype torch.float32
text_ids torch.Size([97])
audio_emb torch.Size([1, 197, 3584])
input_embeds torch.Size([1, 280, 3584])
combined_inputs torch.Size([1, 303, 3584])
combined_masks dtype torch.float32
text_ids dtype torch.int64
combined_inputs dtype torch.float32
text_ids torch.Size([97])
audio_emb torch.Size([1, 183, 3584])
input_embeds torch.Size([1, 265, 3584])
combined_inputs torch.Size([1, 303, 3584])
combined_masks dtype torch.float32
text_ids dtype torch.int64
combined_inputs dtype torch.float32
text_ids torch.Size([97])
audio_emb torch.Size([1, 168, 3584])
input_embeds torch.Size([1, 303, 3584])
combined_inputs torch.Size([1, 303, 3584])
combined_masks dtype torch.float32
text_ids dtype torch.int64
combined_inputs dtype torch.float32
text_ids torch.Size([97])
audio_emb torch.Size([1, 206, 3584])
input_embeds torch.Size([1, 272, 3584])
combined_inputs torch.Size([1, 303, 3584])
combined_masks dtype torch.float32
text_ids dtype torch.int64
combined_inputs dtype torch.float32
text_ids torch.Size([97])
audio_emb torch.Size([1, 175, 3584])
combined_inputs dtype: torch.float16, shape: torch.Size([32, 303, 3584])
combined_masks dtype: torch.int32, shape: torch.Size([32, 303])
combined_labels dtype: torch.int64, shape: torch.Size([32, 303])
